=== STDOUT ===
Using cpu device
Wrapping the env in a DummyVecEnv.
Logging to <USER_HOME>\Desktop\操作系统创新大赛\基于深度强化学习的云-边-端异构计算资源管理调度方法\project\training\tb_logs\ppo_gat_reward_shaped_5
---------------------------------
| rollout/           |          |
|    ep_len_mean     | 16.6     |
|    ep_rew_mean     | -7.74    |
| time/              |          |
|    fps             | 231      |
|    iterations      | 1        |
|    time_elapsed    | 8        |
|    total_timesteps | 2048     |
---------------------------------
-----------------------------------------
| rollout/                |             |
|    ep_len_mean          | 17          |
|    ep_rew_mean          | -5.9        |
| time/                   |             |
|    fps                  | 81          |
|    iterations           | 2           |
|    time_elapsed         | 50          |
|    total_timesteps      | 4096        |
| train/                  |             |
|    approx_kl            | 0.014501031 |
|    clip_fraction        | 0.215       |
|    clip_range           | 0.2         |
|    entropy_loss         | -2.44       |
|    explained_variance   | 0.0027      |
|    learning_rate        | 0.0003      |
|    loss                 | 0.615       |
|    n_updates            | 10          |
|    policy_gradient_loss | -0.0277     |
|    value_loss           | 2.84        |
-----------------------------------------
-----------------------------------------
| rollout/                |             |
|    ep_len_mean          | 16.4        |
|    ep_rew_mean          | -4.71       |
| time/                   |             |
|    fps                  | 69          |
|    iterations           | 3           |
|    time_elapsed         | 88          |
|    total_timesteps      | 6144        |
| train/                  |             |
|    approx_kl            | 0.020714726 |
|    clip_fraction        | 0.286       |
|    clip_range           | 0.2         |
|    entropy_loss         | -2.42       |
|    explained_variance   | 0.333       |
|    learning_rate        | 0.0003      |
|    loss                 | 0.391       |
|    n_updates            | 20          |
|    policy_gradient_loss | -0.036      |
|    value_loss           | 1.79        |
-----------------------------------------
-----------------------------------------
| rollout/                |             |
|    ep_len_mean          | 16.7        |
|    ep_rew_mean          | -3.97       |
| time/                   |             |
|    fps                  | 66          |
|    iterations           | 4           |
|    time_elapsed         | 123         |
|    total_timesteps      | 8192        |
| train/                  |             |
|    approx_kl            | 0.016524613 |
|    clip_fraction        | 0.259       |
|    clip_range           | 0.2         |
|    entropy_loss         | -2.4        |
|    explained_variance   | 0.249       |
|    learning_rate        | 0.0003      |
|    loss                 | 0.121       |
|    n_updates            | 30          |
|    policy_gradient_loss | -0.0347     |
|    value_loss           | 0.956       |
-----------------------------------------
-----------------------------------------
| rollout/                |             |
|    ep_len_mean          | 15.3        |
|    ep_rew_mean          | -3.22       |
| time/                   |             |
|    fps                  | 64          |
|    iterations           | 5           |
|    time_elapsed         | 159         |
|    total_timesteps      | 10240       |
| train/                  |             |
|    approx_kl            | 0.017968096 |
|    clip_fraction        | 0.233       |
|    clip_range           | 0.2         |
|    entropy_loss         | -2.35       |
|    explained_variance   | 0.295       |
|    learning_rate        | 0.0003      |
|    loss                 | -0.00672    |
|    n_updates            | 40          |
|    policy_gradient_loss | -0.0305     |
|    value_loss           | 0.419       |
-----------------------------------------
-----------------------------------------
| rollout/                |             |
|    ep_len_mean          | 17          |
|    ep_rew_mean          | -2.94       |
| time/                   |             |
|    fps                  | 63          |
|    iterations           | 6           |
|    time_elapsed         | 192         |
|    total_timesteps      | 12288       |
| train/                  |             |
|    approx_kl            | 0.017374758 |
|    clip_fraction        | 0.221       |
|    clip_range           | 0.2         |
|    entropy_loss         | -2.24       |
|    explained_variance   | -0.0859     |
|    learning_rate        | 0.0003      |
|    loss                 | -0.0926     |
|    n_updates            | 50          |
|    policy_gradient_loss | -0.0346     |
|    value_loss           | 0.276       |
-----------------------------------------
-----------------------------------------
| rollout/                |             |
|    ep_len_mean          | 15.3        |
|    ep_rew_mean          | -2.58       |
| time/                   |             |
|    fps                  | 63          |
|    iterations           | 7           |
|    time_elapsed         | 225         |
|    total_timesteps      | 14336       |
| train/                  |             |
|    approx_kl            | 0.021078683 |
|    clip_fraction        | 0.234       |
|    clip_range           | 0.2         |
|    entropy_loss         | -2.23       |
|    explained_variance   | 0.282       |
|    learning_rate        | 0.0003      |
|    loss                 | -0.0488     |
|    n_updates            | 60          |
|    policy_gradient_loss | -0.0399     |
|    value_loss           | 0.234       |
-----------------------------------------
-----------------------------------------
| rollout/                |             |
|    ep_len_mean          | 17.9        |
|    ep_rew_mean          | -2.42       |
| time/                   |             |
|    fps                  | 63          |
|    iterations           | 8           |
|    time_elapsed         | 259         |
|    total_timesteps      | 16384       |
| train/                  |             |
|    approx_kl            | 0.022466844 |
|    clip_fraction        | 0.269       |
|    clip_range           | 0.2         |
|    entropy_loss         | -2.18       |
|    explained_variance   | 0.0536      |
|    learning_rate        | 0.0003      |
|    loss                 | -0.102      |
|    n_updates            | 70          |
|    policy_gradient_loss | -0.0389     |
|    value_loss           | 0.16        |
-----------------------------------------
-----------------------------------------
| rollout/                |             |
|    ep_len_mean          | 16.5        |
|    ep_rew_mean          | -2.22       |
| time/                   |             |
|    fps                  | 62          |
|    iterations           | 9           |
|    time_elapsed         | 295         |
|    total_timesteps      | 18432       |
| train/                  |             |
|    approx_kl            | 0.020995006 |
|    clip_fraction        | 0.256       |
|    clip_range           | 0.2         |
|    entropy_loss         | -2.25       |
|    explained_variance   | 0.189       |
|    learning_rate        | 0.0003      |
|    loss                 | -0.0975     |
|    n_updates            | 80          |
|    policy_gradient_loss | -0.0438     |
|    value_loss           | 0.105       |
-----------------------------------------
training progress: 20000/200000 (10.0%)
-----------------------------------------
| rollout/                |             |
|    ep_len_mean          | 16.7        |
|    ep_rew_mean          | -2.07       |
| time/                   |             |
|    fps                  | 61          |
|    iterations           | 10          |
|    time_elapsed         | 331         |
|    total_timesteps      | 20480       |
| train/                  |             |
|    approx_kl            | 0.021690417 |
|    clip_fraction        | 0.263       |
|    clip_range           | 0.2         |
|    entropy_loss         | -2.15       |
|    explained_variance   | -0.218      |
|    learning_rate        | 0.0003      |
|    loss                 | -0.0872     |
|    n_updates            | 90          |
|    policy_gradient_loss | -0.0391     |
|    value_loss           | 0.0769      |
-----------------------------------------
----------------------------------------
| rollout/                |            |
|    ep_len_mean          | 16.1       |
|    ep_rew_mean          | -2.03      |
| time/                   |            |
|    fps                  | 61         |
|    iterations           | 11         |
|    time_elapsed         | 367        |
|    total_timesteps      | 22528      |
| train/                  |            |
|    approx_kl            | 0.02153182 |
|    clip_fraction        | 0.25       |
|    clip_range           | 0.2        |
|    entropy_loss         | -2.17      |
|    explained_variance   | 0.243      |
|    learning_rate        | 0.0003     |
|    loss                 | -0.112     |
|    n_updates            | 100        |
|    policy_gradient_loss | -0.0401    |
|    value_loss           | 0.0696     |
----------------------------------------
----------------------------------------
| rollout/                |            |
|    ep_len_mean          | 16.5       |
|    ep_rew_mean          | -1.82      |
| time/                   |            |
|    fps                  | 62         |
|    iterations           | 12         |
|    time_elapsed         | 391        |
|    total_timesteps      | 24576      |
| train/                  |            |
|    approx_kl            | 0.02329909 |
|    clip_fraction        | 0.304      |
|    clip_range           | 0.2        |
|    entropy_loss         | -2.14      |
|    explained_variance   | 0.115      |
|    learning_rate        | 0.0003     |
|    loss                 | -0.118     |
|    n_updates            | 110        |
|    policy_gradient_loss | -0.0449    |
|    value_loss           | 0.0903     |
----------------------------------------
-----------------------------------------
| rollout/                |             |
|    ep_len_mean          | 16.9        |
|    ep_rew_mean          | -1.85       |
| time/                   |             |
|    fps                  | 62          |
|    iterations           | 13          |
|    time_elapsed         | 427         |
|    total_timesteps      | 26624       |
| train/                  |             |
|    approx_kl            | 0.025771048 |
|    clip_fraction        | 0.303       |
|    clip_range           | 0.2         |
|    entropy_loss         | -2.15       |
|    explained_variance   | -0.139      |
|    learning_rate        | 0.0003      |
|    loss                 | -0.135      |
|    n_updates            | 120         |
|    policy_gradient_loss | -0.0501     |
|    value_loss           | 0.0622      |
-----------------------------------------
-----------------------------------------
| rollout/                |             |
|    ep_len_mean          | 17          |
|    ep_rew_mean          | -1.62       |
| time/                   |             |
|    fps                  | 62          |
|    iterations           | 14          |
|    time_elapsed         | 458         |
|    total_timesteps      | 28672       |
| train/                  |             |
|    approx_kl            | 0.026296437 |
|    clip_fraction        | 0.322       |
|    clip_range           | 0.2         |
|    entropy_loss         | -2.11       |
|    explained_variance   | 0.0296      |
|    learning_rate        | 0.0003      |
|    loss                 | -0.107      |
|    n_updates            | 130         |
|    policy_gradient_loss | -0.0469     |
|    value_loss           | 0.0449      |
-----------------------------------------
----------------------------------------
| rollout/                |            |
|    ep_len_mean          | 17.1       |
|    ep_rew_mean          | -1.49      |
| time/                   |            |
|    fps                  | 62         |
|    iterations           | 15         |
|    time_elapsed         | 490        |
|    total_timesteps      | 30720      |
| train/                  |            |
|    approx_kl            | 0.02385008 |
|    clip_fraction        | 0.316      |
|    clip_range           | 0.2        |
|    entropy_loss         | -2.04      |
|    explained_variance   | 0.149      |
|    learning_rate        | 0.0003     |
|    loss                 | -0.127     |
|    n_updates            | 140        |
|    policy_gradient_loss | -0.0471    |
|    value_loss           | 0.0348     |
----------------------------------------
-----------------------------------------
| rollout/                |             |
|    ep_len_mean          | 16.9        |
|    ep_rew_mean          | -1.49       |
| time/                   |             |
|    fps                  | 62          |
|    iterations           | 16          |
|    time_elapsed         | 523         |
|    total_timesteps      | 32768       |
| train/                  |             |
|    approx_kl            | 0.026561571 |
|    clip_fraction        | 0.324       |
|    clip_range           | 0.2         |
|    entropy_loss         | -2          |
|    explained_variance   | 0.0579      |
|    learning_rate        | 0.0003      |
|    loss                 | -0.137      |
|    n_updates            | 150         |
|    policy_gradient_loss | -0.0489     |
|    value_loss           | 0.0379      |
-----------------------------------------
-----------------------------------------
| rollout/                |             |
|    ep_len_mean          | 17.1        |
|    ep_rew_mean          | -1.32       |
| time/                   |             |
|    fps                  | 63          |
|    iterations           | 17          |
|    time_elapsed         | 552         |
|    total_timesteps      | 34816       |
| train/                  |             |
|    approx_kl            | 0.026826303 |
|    clip_fraction        | 0.313       |
|    clip_range           | 0.2         |
|    entropy_loss         | -2.05       |
|    explained_variance   | 0.263       |
|    learning_rate        | 0.0003      |
|    loss                 | -0.124      |
|    n_updates            | 160         |
|    policy_gradient_loss | -0.0477     |
|    value_loss           | 0.041       |
-----------------------------------------
-----------------------------------------
| rollout/                |             |
|    ep_len_mean          | 15.5        |
|    ep_rew_mean          | -1.3        |
| time/                   |             |
|    fps                  | 64          |
|    iterations           | 18          |
|    time_elapsed         | 569         |
|    total_timesteps      | 36864       |
| train/                  |             |
|    approx_kl            | 0.026422698 |
|    clip_fraction        | 0.305       |
|    clip_range           | 0.2         |
|    entropy_loss         | -1.99       |
|    explained_variance   | 0.259       |
|    learning_rate        | 0.0003      |
|    loss                 | -0.133      |
|    n_updates            | 170         |
|    policy_gradient_loss | -0.0463     |
|    value_loss           | 0.0244      |
-----------------------------------------
-----------------------------------------
| rollout/                |             |
|    ep_len_mean          | 16.4        |
|    ep_rew_mean          | -1.14       |
| time/                   |             |
|    fps                  | 65          |
|    iterations           | 19          |
|    time_elapsed         | 592         |
|    total_timesteps      | 38912       |
| train/                  |             |
|    approx_kl            | 0.027248003 |
|    clip_fraction        | 0.343       |
|    clip_range           | 0.2         |
|    entropy_loss         | -1.94       |
|    explained_variance   | -0.0342     |
|    learning_rate        | 0.0003      |
|    loss                 | -0.0813     |
|    n_updates            | 180         |
|    policy_gradient_loss | -0.0473     |
|    value_loss           | 0.0334      |
-----------------------------------------
training progress: 40000/200000 (20.0%)
-----------------------------------------
| rollout/                |             |
|    ep_len_mean          | 16.7        |
|    ep_rew_mean          | -1.24       |
| time/                   |             |
|    fps                  | 65          |
|    iterations           | 20          |
|    time_elapsed         | 625         |
|    total_timesteps      | 40960       |
| train/                  |             |
|    approx_kl            | 0.028289884 |
|    clip_fraction        | 0.33        |
|    clip_range           | 0.2         |
|    entropy_loss         | -1.94       |
|    explained_variance   | -0.26       |
|    learning_rate        | 0.0003      |
|    loss                 | -0.158      |
|    n_updates            | 190         |
|    policy_gradient_loss | -0.0491     |
|    value_loss           | 0.0255      |
-----------------------------------------
----------------------------------------
| rollout/                |            |
|    ep_len_mean          | 16.7       |
|    ep_rew_mean          | -1.31      |
| time/                   |            |
|    fps                  | 65         |
|    iterations           | 21         |
|    time_elapsed         | 653        |
|    total_timesteps      | 43008      |
| train/                  |            |
|    approx_kl            | 0.02772231 |
|    clip_fraction        | 0.319      |
|    clip_range           | 0.2        |
|    entropy_loss         | -1.95      |
|    explained_variance   | 0.0058     |
|    learning_rate        | 0.0003     |
|    loss                 | -0.127     |
|    n_updates            | 200        |
|    policy_gradient_loss | -0.0471    |
|    value_loss           | 0.028      |
----------------------------------------
----------------------------------------
| rollout/                |            |
|    ep_len_mean          | 16.1       |
|    ep_rew_mean          | -1.25      |
| time/                   |            |
|    fps                  | 66         |
|    iterations           | 22         |
|    time_elapsed         | 680        |
|    total_timesteps      | 45056      |
| train/                  |            |
|    approx_kl            | 0.02866764 |
|    clip_fraction        | 0.328      |
|    clip_range           | 0.2        |
|    entropy_loss         | -1.96      |
|    explained_variance   | 0.358      |
|    learning_rate        | 0.0003     |
|    loss                 | -0.13      |
|    n_updates            | 210        |
|    policy_gradient_loss | -0.0478    |
|    value_loss           | 0.0342     |
----------------------------------------
----------------------------------------
| rollout/                |            |
|    ep_len_mean          | 16.6       |
|    ep_rew_mean          | -1.18      |
| time/                   |            |
|    fps                  | 67         |
|    iterations           | 23         |
|    time_elapsed         | 700        |
|    total_timesteps      | 47104      |
| train/                  |            |
|    approx_kl            | 0.02958725 |
|    clip_fraction        | 0.314      |
|    clip_range           | 0.2        |
|    entropy_loss         | -1.88      |
|    explained_variance   | -0.0633    |
|    learning_rate        | 0.0003     |
|    loss                 | -0.131     |
|    n_updates            | 220        |
|    policy_gradient_loss | -0.0506    |
|    value_loss           | 0.0342     |
----------------------------------------
-----------------------------------------
| rollout/                |             |
|    ep_len_mean          | 16.1        |
|    ep_rew_mean          | -1.08       |
| time/                   |             |
|    fps                  | 68          |
|    iterations           | 24          |
|    time_elapsed         | 717         |
|    total_timesteps      | 49152       |
| train/                  |             |
|    approx_kl            | 0.028096827 |
|    clip_fraction        | 0.33        |
|    clip_range           | 0.2         |
|    entropy_loss         | -1.86       |
|    explained_variance   | 0.000838    |
|    learning_rate        | 0.0003      |
|    loss                 | -0.11       |
|    n_updates            | 230         |
|    policy_gradient_loss | -0.045      |
|    value_loss           | 0.0296      |
-----------------------------------------
-----------------------------------------
| rollout/                |             |
|    ep_len_mean          | 15.8        |
|    ep_rew_mean          | -1.1        |
| time/                   |             |
|    fps                  | 69          |
|    iterations           | 25          |
|    time_elapsed         | 734         |
|    total_timesteps      | 51200       |
| train/                  |             |
|    approx_kl            | 0.030445233 |
|    clip_fraction        | 0.334       |
|    clip_range           | 0.2         |
|    entropy_loss         | -1.85       |
|    explained_variance   | 0.451       |
|    learning_rate        | 0.0003      |
|    loss                 | -0.143      |
|    n_updates            | 240         |
|    policy_gradient_loss | -0.0538     |
|    value_loss           | 0.0264      |
-----------------------------------------
-----------------------------------------
| rollout/                |             |
|    ep_len_mean          | 16.5        |
|    ep_rew_mean          | -1.24       |
| time/                   |             |
|    fps                  | 70          |
|    iterations           | 26          |
|    time_elapsed         | 750         |
|    total_timesteps      | 53248       |
| train/                  |             |
|    approx_kl            | 0.036681727 |
|    clip_fraction        | 0.37        |
|    clip_range           | 0.2         |
|    entropy_loss         | -1.85       |
|    explained_variance   | 0.108       |
|    learning_rate        | 0.0003      |
|    loss                 | -0.126      |
|    n_updates            | 250         |
|    policy_gradient_loss | -0.0532     |
|    value_loss           | 0.0315      |
-----------------------------------------
-----------------------------------------
| rollout/                |             |
|    ep_len_mean          | 16.8        |
|    ep_rew_mean          | -1.73       |
| time/                   |             |
|    fps                  | 72          |
|    iterations           | 27          |
|    time_elapsed         | 766         |
|    total_timesteps      | 55296       |
| train/                  |             |
|    approx_kl            | 0.038166992 |
|    clip_fraction        | 0.32        |
|    clip_range           | 0.2         |
|    entropy_loss         | -1.83       |
|    explained_variance   | 0.332       |
|    learning_rate        | 0.0003      |
|    loss                 | -0.11       |
|    n_updates            | 260         |
|    policy_gradient_loss | -0.0359     |
|    value_loss           | 0.117       |
-----------------------------------------
-----------------------------------------
| rollout/                |             |
|    ep_len_mean          | 16.2        |
|    ep_rew_mean          | -0.935      |
| time/                   |             |
|    fps                  | 73          |
|    iterations           | 28          |
|    time_elapsed         | 782         |
|    total_timesteps      | 57344       |
| train/                  |             |
|    approx_kl            | 0.030101584 |
|    clip_fraction        | 0.298       |
|    clip_range           | 0.2         |
|    entropy_loss         | -1.8        |
|    explained_variance   | 0.487       |
|    learning_rate        | 0.0003      |
|    loss                 | -0.12       |
|    n_updates            | 270         |
|    policy_gradient_loss | -0.0378     |
|    value_loss           | 0.211       |
-----------------------------------------
-----------------------------------------
| rollout/                |             |
|    ep_len_mean          | 16.3        |
|    ep_rew_mean          | -0.967      |
| time/                   |             |
|    fps                  | 74          |
|    iterations           | 29          |
|    time_elapsed         | 798         |
|    total_timesteps      | 59392       |
| train/                  |             |
|    approx_kl            | 0.031462364 |
|    clip_fraction        | 0.318       |
|    clip_range           | 0.2         |
|    entropy_loss         | -1.78       |
|    explained_variance   | -0.00976    |
|    learning_rate        | 0.0003      |
|    loss                 | -0.116      |
|    n_updates            | 280         |
|    policy_gradient_loss | -0.0474     |
|    value_loss           | 0.0418      |
-----------------------------------------
training progress: 60000/200000 (30.0%)
----------------------------------------
| rollout/                |            |
|    ep_len_mean          | 16.7       |
|    ep_rew_mean          | -1.17      |
| time/                   |            |
|    fps                  | 75         |
|    iterations           | 30         |
|    time_elapsed         | 814        |
|    total_timesteps      | 61440      |
| train/                  |            |
|    approx_kl            | 0.03931804 |
|    clip_fraction        | 0.353      |
|    clip_range           | 0.2        |
|    entropy_loss         | -1.79      |
|    explained_variance   | 0.576      |
|    learning_rate        | 0.0003     |
|    loss                 | -0.124     |
|    n_updates            | 290        |
|    policy_gradient_loss | -0.0373    |
|    value_loss           | 0.0379     |
----------------------------------------
-----------------------------------------
| rollout/                |             |
|    ep_len_mean          | 15.9        |
|    ep_rew_mean          | -0.888      |
| time/                   |             |
|    fps                  | 76          |
|    iterations           | 31          |
|    time_elapsed         | 830         |
|    total_timesteps      | 63488       |
| train/                  |             |
|    approx_kl            | 0.038202178 |
|    clip_fraction        | 0.355       |
|    clip_range           | 0.2         |
|    entropy_loss         | -1.82       |
|    explained_variance   | -0.116      |
|    learning_rate        | 0.0003      |
|    loss                 | -0.0989     |
|    n_updates            | 300         |
|    policy_gradient_loss | -0.0325     |
|    value_loss           | 0.122       |
-----------------------------------------
----------------------------------------
| rollout/                |            |
|    ep_len_mean          | 16.6       |
|    ep_rew_mean          | -1.19      |
| time/                   |            |
|    fps                  | 77         |
|    iterations           | 32         |
|    time_elapsed         | 847        |
|    total_timesteps      | 65536      |
| train/                  |            |
|    approx_kl            | 0.03607738 |
|    clip_fraction        | 0.351      |
|    clip_range           | 0.2        |
|    entropy_loss         | -1.79      |
|    explained_variance   | 0.64       |
|    learning_rate        | 0.0003     |
|    loss                 | -0.117     |
|    n_updates            | 310        |
|    policy_gradient_loss | -0.0447    |
|    value_loss           | 0.0354     |
----------------------------------------
----------------------------------------
| rollout/                |            |
|    ep_len_mean          | 16.4       |
|    ep_rew_mean          | -0.996     |
| time/                   |            |
|    fps                  | 78         |
|    iterations           | 33         |
|    time_elapsed         | 863        |
|    total_timesteps      | 67584      |
| train/                  |            |
|    approx_kl            | 0.03403312 |
|    clip_fraction        | 0.358      |
|    clip_range           | 0.2        |
|    entropy_loss         | -1.81      |
|    explained_variance   | 0.662      |
|    learning_rate        | 0.0003     |
|    loss                 | -0.142     |
|    n_updates            | 320        |
|    policy_gradient_loss | -0.0443    |
|    value_loss           | 0.037      |
----------------------------------------
----------------------------------------
| rollout/                |            |
|    ep_len_mean          | 15.7       |
|    ep_rew_mean          | -1.03      |
| time/                   |            |
|    fps                  | 79         |
|    iterations           | 34         |
|    time_elapsed         | 879        |
|    total_timesteps      | 69632      |
| train/                  |            |
|    approx_kl            | 0.03712591 |
|    clip_fraction        | 0.369      |
|    clip_range           | 0.2        |
|    entropy_loss         | -1.81      |
|    explained_variance   | 0.747      |
|    learning_rate        | 0.0003     |
|    loss                 | -0.111     |
|    n_updates            | 330        |
|    policy_gradient_loss | -0.0499    |
|    value_loss           | 0.0247     |
----------------------------------------
-----------------------------------------
| rollout/                |             |
|    ep_len_mean          | 17.2        |
|    ep_rew_mean          | -1.01       |
| time/                   |             |
|    fps                  | 80          |
|    iterations           | 35          |
|    time_elapsed         | 895         |
|    total_timesteps      | 71680       |
| train/                  |             |
|    approx_kl            | 0.036757812 |
|    clip_fraction        | 0.362       |
|    clip_range           | 0.2         |
|    entropy_loss         | -1.75       |
|    explained_variance   | 0.694       |
|    learning_rate        | 0.0003      |
|    loss                 | -0.138      |
|    n_updates            | 340         |
|    policy_gradient_loss | -0.0473     |
|    value_loss           | 0.0361      |
-----------------------------------------
----------------------------------------
| rollout/                |            |
|    ep_len_mean          | 15.9       |
|    ep_rew_mean          | -0.999     |
| time/                   |            |
|    fps                  | 80         |
|    iterations           | 36         |
|    time_elapsed         | 911        |
|    total_timesteps      | 73728      |
| train/                  |            |
|    approx_kl            | 0.04243709 |
|    clip_fraction        | 0.385      |
|    clip_range           | 0.2        |
|    entropy_loss         | -1.78      |
|    explained_variance   | 0.227      |
|    learning_rate        | 0.0003     |
|    loss                 | -0.0905    |
|    n_updates            | 350        |
|    policy_gradient_loss | -0.0494    |
|    value_loss           | 0.0283     |
----------------------------------------
----------------------------------------
| rollout/                |            |
|    ep_len_mean          | 16.3       |
|    ep_rew_mean          | -0.795     |
| time/                   |            |
|    fps                  | 81         |
|    iterations           | 37         |
|    time_elapsed         | 928        |
|    total_timesteps      | 75776      |
| train/                  |            |
|    approx_kl            | 0.03453512 |
|    clip_fraction        | 0.347      |
|    clip_range           | 0.2        |
|    entropy_loss         | -1.72      |
|    explained_variance   | 0.477      |
|    learning_rate        | 0.0003     |
|    loss                 | -0.0609    |
|    n_updates            | 360        |
|    policy_gradient_loss | -0.0429    |
|    value_loss           | 0.071      |
----------------------------------------
-----------------------------------------
| rollout/                |             |
|    ep_len_mean          | 16.8        |
|    ep_rew_mean          | -0.828      |
| time/                   |             |
|    fps                  | 82          |
|    iterations           | 38          |
|    time_elapsed         | 944         |
|    total_timesteps      | 77824       |
| train/                  |             |
|    approx_kl            | 0.041097455 |
|    clip_fraction        | 0.383       |
|    clip_range           | 0.2         |
|    entropy_loss         | -1.69       |
|    explained_variance   | -0.392      |
|    learning_rate        | 0.0003      |
|    loss                 | -0.107      |
|    n_updates            | 370         |
|    policy_gradient_loss | -0.0412     |
|    value_loss           | 0.0315      |
-----------------------------------------
-----------------------------------------
| rollout/                |             |
|    ep_len_mean          | 16.9        |
|    ep_rew_mean          | -0.954      |
| time/                   |             |
|    fps                  | 83          |
|    iterations           | 39          |
|    time_elapsed         | 961         |
|    total_timesteps      | 79872       |
| train/                  |             |
|    approx_kl            | 0.036670193 |
|    clip_fraction        | 0.345       |
|    clip_range           | 0.2         |
|    entropy_loss         | -1.72       |
|    explained_variance   | -0.168      |
|    learning_rate        | 0.0003      |
|    loss                 | -0.107      |
|    n_updates            | 380         |
|    policy_gradient_loss | -0.0327     |
|    value_loss           | 0.0364      |
-----------------------------------------
training progress: 80000/200000 (40.0%)
-----------------------------------------
| rollout/                |             |
|    ep_len_mean          | 17.4        |
|    ep_rew_mean          | -0.985      |
| time/                   |             |
|    fps                  | 83          |
|    iterations           | 40          |
|    time_elapsed         | 977         |
|    total_timesteps      | 81920       |
| train/                  |             |
|    approx_kl            | 0.041550167 |
|    clip_fraction        | 0.375       |
|    clip_range           | 0.2         |
|    entropy_loss         | -1.69       |
|    explained_variance   | 0.533       |
|    learning_rate        | 0.0003      |
|    loss                 | -0.115      |
|    n_updates            | 390         |
|    policy_gradient_loss | -0.0464     |
|    value_loss           | 0.0304      |
-----------------------------------------
----------------------------------------
| rollout/                |            |
|    ep_len_mean          | 17.2       |
|    ep_rew_mean          | -0.908     |
| time/                   |            |
|    fps                  | 84         |
|    iterations           | 41         |
|    time_elapsed         | 993        |
|    total_timesteps      | 83968      |
| train/                  |            |
|    approx_kl            | 0.03831644 |
|    clip_fraction        | 0.37       |
|    clip_range           | 0.2        |
|    entropy_loss         | -1.71      |
|    explained_variance   | 0.453      |
|    learning_rate        | 0.0003     |
|    loss                 | -0.125     |
|    n_updates            | 400        |
|    policy_gradient_loss | -0.0382    |
|    value_loss           | 0.0416     |
----------------------------------------
-----------------------------------------
| rollout/                |             |
|    ep_len_mean          | 16.9        |
|    ep_rew_mean          | -0.863      |
| time/                   |             |
|    fps                  | 85          |
|    iterations           | 42          |
|    time_elapsed         | 1009        |
|    total_timesteps      | 86016       |
| train/                  |             |
|    approx_kl            | 0.038094565 |
|    clip_fraction        | 0.344       |
|    clip_range           | 0.2         |
|    entropy_loss         | -1.74       |
|    explained_variance   | 0.632       |
|    learning_rate        | 0.0003      |
|    loss                 | -0.092      |
|    n_updates            | 410         |
|    policy_gradient_loss | -0.0403     |
|    value_loss           | 0.0366      |
-----------------------------------------
----------------------------------------
| rollout/                |            |
|    ep_len_mean          | 16.6       |
|    ep_rew_mean          | -0.744     |
| time/                   |            |
|    fps                  | 85         |
|    iterations           | 43         |
|    time_elapsed         | 1025       |
|    total_timesteps      | 88064      |
| train/                  |            |
|    approx_kl            | 0.03666063 |
|    clip_fraction        | 0.4        |
|    clip_range           | 0.2        |
|    entropy_loss         | -1.72      |
|    explained_variance   | 0.272      |
|    learning_rate        | 0.0003     |
|    loss                 | -0.119     |
|    n_updates            | 420        |
|    policy_gradient_loss | -0.0478    |
|    value_loss           | 0.0444     |
----------------------------------------
----------------------------------------
| rollout/                |            |
|    ep_len_mean          | 16.6       |
|    ep_rew_mean          | -0.86      |
| time/                   |            |
|    fps                  | 86         |
|    iterations           | 44         |
|    time_elapsed         | 1041       |
|    total_timesteps      | 90112      |
| train/                  |            |
|    approx_kl            | 0.04215917 |
|    clip_fraction        | 0.387      |
|    clip_range           | 0.2        |
|    entropy_loss         | -1.72      |
|    explained_variance   | 0.00679    |
|    learning_rate        | 0.0003     |
|    loss                 | -0.138     |
|    n_updates            | 430        |
|    policy_gradient_loss | -0.0535    |
|    value_loss           | 0.0165     |
----------------------------------------
----------------------------------------
| rollout/                |            |
|    ep_len_mean          | 16.8       |
|    ep_rew_mean          | -0.864     |
| time/                   |            |
|    fps                  | 87         |
|    iterations           | 45         |
|    time_elapsed         | 1057       |
|    total_timesteps      | 92160      |
| train/                  |            |
|    approx_kl            | 0.04195986 |
|    clip_fraction        | 0.391      |
|    clip_range           | 0.2        |
|    entropy_loss         | -1.69      |
|    explained_variance   | -0.255     |
|    learning_rate        | 0.0003     |
|    loss                 | -0.115     |
|    n_updates            | 440        |
|    policy_gradient_loss | -0.0432    |
|    value_loss           | 0.0274     |
----------------------------------------
-----------------------------------------
| rollout/                |             |
|    ep_len_mean          | 15.2        |
|    ep_rew_mean          | -0.861      |
| time/                   |             |
|    fps                  | 87          |
|    iterations           | 46          |
|    time_elapsed         | 1074        |
|    total_timesteps      | 94208       |
| train/                  |             |
|    approx_kl            | 0.041997686 |
|    clip_fraction        | 0.364       |
|    clip_range           | 0.2         |
|    entropy_loss         | -1.71       |
|    explained_variance   | -0.2        |
|    learning_rate        | 0.0003      |
|    loss                 | -0.113      |
|    n_updates            | 450         |
|    policy_gradient_loss | -0.0398     |
|    value_loss           | 0.0227      |
-----------------------------------------
-----------------------------------------
| rollout/                |             |
|    ep_len_mean          | 16.9        |
|    ep_rew_mean          | -0.847      |
| time/                   |             |
|    fps                  | 88          |
|    iterations           | 47          |
|    time_elapsed         | 1090        |
|    total_timesteps      | 96256       |
| train/                  |             |
|    approx_kl            | 0.043860614 |
|    clip_fraction        | 0.387       |
|    clip_range           | 0.2         |
|    entropy_loss         | -1.63       |
|    explained_variance   | 0.193       |
|    learning_rate        | 0.0003      |
|    loss                 | -0.12       |
|    n_updates            | 460         |
|    policy_gradient_loss | -0.0487     |
|    value_loss           | 0.0258      |
-----------------------------------------
-----------------------------------------
| rollout/                |             |
|    ep_len_mean          | 16.6        |
|    ep_rew_mean          | -0.826      |
| time/                   |             |
|    fps                  | 88          |
|    iterations           | 48          |
|    time_elapsed         | 1106        |
|    total_timesteps      | 98304       |
| train/                  |             |
|    approx_kl            | 0.039961908 |
|    clip_fraction        | 0.385       |
|    clip_range           | 0.2         |
|    entropy_loss         | -1.69       |
|    explained_variance   | 0.173       |
|    learning_rate        | 0.0003      |
|    loss                 | -0.0856     |
|    n_updates            | 470         |
|    policy_gradient_loss | -0.0504     |
|    value_loss           | 0.032       |
-----------------------------------------
training progress: 100000/200000 (50.0%)
----------------------------------------
| rollout/                |            |
|    ep_len_mean          | 16.3       |
|    ep_rew_mean          | -0.776     |
| time/                   |            |
|    fps                  | 89         |
|    iterations           | 49         |
|    time_elapsed         | 1122       |
|    total_timesteps      | 100352     |
| train/                  |            |
|    approx_kl            | 0.03968945 |
|    clip_fraction        | 0.361      |
|    clip_range           | 0.2        |
|    entropy_loss         | -1.74      |
|    explained_variance   | 0.245      |
|    learning_rate        | 0.0003     |
|    loss                 | -0.104     |
|    n_updates            | 480        |
|    policy_gradient_loss | -0.0432    |
|    value_loss           | 0.0257     |
----------------------------------------
-----------------------------------------
| rollout/                |             |
|    ep_len_mean          | 15.6        |
|    ep_rew_mean          | -0.819      |
| time/                   |             |
|    fps                  | 89          |
|    iterations           | 50          |
|    time_elapsed         | 1138        |
|    total_timesteps      | 102400      |
| train/                  |             |
|    approx_kl            | 0.045299616 |
|    clip_fraction        | 0.397       |
|    clip_range           | 0.2         |
|    entropy_loss         | -1.65       |
|    explained_variance   | 0.0939      |
|    learning_rate        | 0.0003      |
|    loss                 | -0.152      |
|    n_updates            | 490         |
|    policy_gradient_loss | -0.0529     |
|    value_loss           | 0.0169      |
-----------------------------------------
-----------------------------------------
| rollout/                |             |
|    ep_len_mean          | 16.9        |
|    ep_rew_mean          | -0.815      |
| time/                   |             |
|    fps                  | 90          |
|    iterations           | 51          |
|    time_elapsed         | 1154        |
|    total_timesteps      | 104448      |
| train/                  |             |
|    approx_kl            | 0.045030415 |
|    clip_fraction        | 0.375       |
|    clip_range           | 0.2         |
|    entropy_loss         | -1.64       |
|    explained_variance   | -0.0274     |
|    learning_rate        | 0.0003      |
|    loss                 | -0.13       |
|    n_updates            | 500         |
|    policy_gradient_loss | -0.0487     |
|    value_loss           | 0.021       |
-----------------------------------------
-----------------------------------------
| rollout/                |             |
|    ep_len_mean          | 16          |
|    ep_rew_mean          | -0.82       |
| time/                   |             |
|    fps                  | 90          |
|    iterations           | 52          |
|    time_elapsed         | 1170        |
|    total_timesteps      | 106496      |
| train/                  |             |
|    approx_kl            | 0.047574658 |
|    clip_fraction        | 0.399       |
|    clip_range           | 0.2         |
|    entropy_loss         | -1.68       |
|    explained_variance   | 0.0636      |
|    learning_rate        | 0.0003      |
|    loss                 | -0.133      |
|    n_updates            | 510         |
|    policy_gradient_loss | -0.0509     |
|    value_loss           | 0.0161      |
-----------------------------------------
-----------------------------------------
| rollout/                |             |
|    ep_len_mean          | 17.6        |
|    ep_rew_mean          | -0.888      |
| time/                   |             |
|    fps                  | 91          |
|    iterations           | 53          |
|    time_elapsed         | 1187        |
|    total_timesteps      | 108544      |
| train/                  |             |
|    approx_kl            | 0.046065763 |
|    clip_fraction        | 0.403       |
|    clip_range           | 0.2         |
|    entropy_loss         | -1.65       |
|    explained_variance   | 0.217       |
|    learning_rate        | 0.0003      |
|    loss                 | -0.0808     |
|    n_updates            | 520         |
|    policy_gradient_loss | -0.0386     |
|    value_loss           | 0.0212      |
-----------------------------------------
---------------------------------------
| rollout/                |           |
|    ep_len_mean          | 15.4      |
|    ep_rew_mean          | -0.786    |
| time/                   |           |
|    fps                  | 91        |
|    iterations           | 54        |
|    time_elapsed         | 1203      |
|    total_timesteps      | 110592    |
| train/                  |           |
|    approx_kl            | 0.0455607 |
|    clip_fraction        | 0.391     |
|    clip_range           | 0.2       |
|    entropy_loss         | -1.67     |
|    explained_variance   | -0.0422   |
|    learning_rate        | 0.0003    |
|    loss                 | -0.107    |
|    n_updates            | 530       |
|    policy_gradient_loss | -0.0409   |
|    value_loss           | 0.0265    |
---------------------------------------
-----------------------------------------
| rollout/                |             |
|    ep_len_mean          | 16.1        |
|    ep_rew_mean          | -0.748      |
| time/                   |             |
|    fps                  | 92          |
|    iterations           | 55          |
|    time_elapsed         | 1219        |
|    total_timesteps      | 112640      |
| train/                  |             |
|    approx_kl            | 0.044112727 |
|    clip_fraction        | 0.389       |
|    clip_range           | 0.2         |
|    entropy_loss         | -1.66       |
|    explained_variance   | -0.105      |
|    learning_rate        | 0.0003      |
|    loss                 | -0.124      |
|    n_updates            | 540         |
|    policy_gradient_loss | -0.0502     |
|    value_loss           | 0.0205      |
-----------------------------------------
----------------------------------------
| rollout/                |            |
|    ep_len_mean          | 16.9       |
|    ep_rew_mean          | -0.767     |
| time/                   |            |
|    fps                  | 92         |
|    iterations           | 56         |
|    time_elapsed         | 1235       |
|    total_timesteps      | 114688     |
| train/                  |            |
|    approx_kl            | 0.04945975 |
|    clip_fraction        | 0.414      |
|    clip_range           | 0.2        |
|    entropy_loss         | -1.65      |
|    explained_variance   | -0.0281    |
|    learning_rate        | 0.0003     |
|    loss                 | -0.143     |
|    n_updates            | 550        |
|    policy_gradient_loss | -0.046     |
|    value_loss           | 0.0234     |
----------------------------------------
-----------------------------------------
| rollout/                |             |
|    ep_len_mean          | 17          |
|    ep_rew_mean          | -0.935      |
| time/                   |             |
|    fps                  | 93          |
|    iterations           | 57          |
|    time_elapsed         | 1252        |
|    total_timesteps      | 116736      |
| train/                  |             |
|    approx_kl            | 0.052842867 |
|    clip_fraction        | 0.444       |
|    clip_range           | 0.2         |
|    entropy_loss         | -1.66       |
|    explained_variance   | 0.199       |
|    learning_rate        | 0.0003      |
|    loss                 | -0.134      |
|    n_updates            | 560         |
|    policy_gradient_loss | -0.0478     |
|    value_loss           | 0.0208      |
-----------------------------------------
-----------------------------------------
| rollout/                |             |
|    ep_len_mean          | 17.6        |
|    ep_rew_mean          | -0.989      |
| time/                   |             |
|    fps                  | 93          |
|    iterations           | 58          |
|    time_elapsed         | 1268        |
|    total_timesteps      | 118784      |
| train/                  |             |
|    approx_kl            | 0.043840006 |
|    clip_fraction        | 0.404       |
|    clip_range           | 0.2         |
|    entropy_loss         | -1.72       |
|    explained_variance   | 0.377       |
|    learning_rate        | 0.0003      |
|    loss                 | -0.0855     |
|    n_updates            | 570         |
|    policy_gradient_loss | -0.0458     |
|    value_loss           | 0.0228      |
-----------------------------------------
training progress: 120000/200000 (60.0%)
----------------------------------------
| rollout/                |            |
|    ep_len_mean          | 16.7       |
|    ep_rew_mean          | -0.811     |
| time/                   |            |
|    fps                  | 94         |
|    iterations           | 59         |
|    time_elapsed         | 1284       |
|    total_timesteps      | 120832     |
| train/                  |            |
|    approx_kl            | 0.04469149 |
|    clip_fraction        | 0.393      |
|    clip_range           | 0.2        |
|    entropy_loss         | -1.72      |
|    explained_variance   | 0.187      |
|    learning_rate        | 0.0003     |
|    loss                 | -0.118     |
|    n_updates            | 580        |
|    policy_gradient_loss | -0.044     |
|    value_loss           | 0.0565     |
----------------------------------------
-----------------------------------------
| rollout/                |             |
|    ep_len_mean          | 17.3        |
|    ep_rew_mean          | -0.786      |
| time/                   |             |
|    fps                  | 94          |
|    iterations           | 60          |
|    time_elapsed         | 1300        |
|    total_timesteps      | 122880      |
| train/                  |             |
|    approx_kl            | 0.050972663 |
|    clip_fraction        | 0.426       |
|    clip_range           | 0.2         |
|    entropy_loss         | -1.69       |
|    explained_variance   | -0.554      |
|    learning_rate        | 0.0003      |
|    loss                 | -0.0792     |
|    n_updates            | 590         |
|    policy_gradient_loss | -0.0465     |
|    value_loss           | 0.0217      |
-----------------------------------------
-----------------------------------------
| rollout/                |             |
|    ep_len_mean          | 16.4        |
|    ep_rew_mean          | -0.817      |
| time/                   |             |
|    fps                  | 94          |
|    iterations           | 61          |
|    time_elapsed         | 1317        |
|    total_timesteps      | 124928      |
| train/                  |             |
|    approx_kl            | 0.048262425 |
|    clip_fraction        | 0.406       |
|    clip_range           | 0.2         |
|    entropy_loss         | -1.71       |
|    explained_variance   | -0.107      |
|    learning_rate        | 0.0003      |
|    loss                 | -0.145      |
|    n_updates            | 600         |
|    policy_gradient_loss | -0.0543     |
|    value_loss           | 0.0209      |
-----------------------------------------
----------------------------------------
| rollout/                |            |
|    ep_len_mean          | 16.2       |
|    ep_rew_mean          | -0.71      |
| time/                   |            |
|    fps                  | 95         |
|    iterations           | 62         |
|    time_elapsed         | 1333       |
|    total_timesteps      | 126976     |
| train/                  |            |
|    approx_kl            | 0.05170525 |
|    clip_fraction        | 0.418      |
|    clip_range           | 0.2        |
|    entropy_loss         | -1.68      |
|    explained_variance   | 0.136      |
|    learning_rate        | 0.0003     |
|    loss                 | -0.0998    |
|    n_updates            | 610        |
|    policy_gradient_loss | -0.0508    |
|    value_loss           | 0.0172     |
----------------------------------------
-----------------------------------------
| rollout/                |             |
|    ep_len_mean          | 15.8        |
|    ep_rew_mean          | -0.83       |
| time/                   |             |
|    fps                  | 95          |
|    iterations           | 63          |
|    time_elapsed         | 1349        |
|    total_timesteps      | 129024      |
| train/                  |             |
|    approx_kl            | 0.050501972 |
|    clip_fraction        | 0.412       |
|    clip_range           | 0.2         |
|    entropy_loss         | -1.65       |
|    explained_variance   | -0.0629     |
|    learning_rate        | 0.0003      |
|    loss                 | -0.146      |
|    n_updates            | 620         |
|    policy_gradient_loss | -0.0475     |
|    value_loss           | 0.0176      |
-----------------------------------------
-----------------------------------------
| rollout/                |             |
|    ep_len_mean          | 16.9        |
|    ep_rew_mean          | -0.769      |
| time/                   |             |
|    fps                  | 95          |
|    iterations           | 64          |
|    time_elapsed         | 1365        |
|    total_timesteps      | 131072      |
| train/                  |             |
|    approx_kl            | 0.047901146 |
|    clip_fraction        | 0.405       |
|    clip_range           | 0.2         |
|    entropy_loss         | -1.63       |
|    explained_variance   | 0.402       |
|    learning_rate        | 0.0003      |
|    loss                 | -0.107      |
|    n_updates            | 630         |
|    policy_gradient_loss | -0.0461     |
|    value_loss           | 0.0243      |
-----------------------------------------
-----------------------------------------
| rollout/                |             |
|    ep_len_mean          | 17.4        |
|    ep_rew_mean          | -0.753      |
| time/                   |             |
|    fps                  | 96          |
|    iterations           | 65          |
|    time_elapsed         | 1381        |
|    total_timesteps      | 133120      |
| train/                  |             |
|    approx_kl            | 0.048145004 |
|    clip_fraction        | 0.394       |
|    clip_range           | 0.2         |
|    entropy_loss         | -1.66       |
|    explained_variance   | 0.149       |
|    learning_rate        | 0.0003      |
|    loss                 | -0.139      |
|    n_updates            | 640         |
|    policy_gradient_loss | -0.0476     |
|    value_loss           | 0.0218      |
-----------------------------------------
-----------------------------------------
| rollout/                |             |
|    ep_len_mean          | 16.8        |
|    ep_rew_mean          | -0.886      |
| time/                   |             |
|    fps                  | 96          |
|    iterations           | 66          |
|    time_elapsed         | 1397        |
|    total_timesteps      | 135168      |
| train/                  |             |
|    approx_kl            | 0.048138745 |
|    clip_fraction        | 0.401       |
|    clip_range           | 0.2         |
|    entropy_loss         | -1.73       |
|    explained_variance   | 0.165       |
|    learning_rate        | 0.0003      |
|    loss                 | -0.117      |
|    n_updates            | 650         |
|    policy_gradient_loss | -0.045      |
|    value_loss           | 0.022       |
-----------------------------------------
-----------------------------------------
| rollout/                |             |
|    ep_len_mean          | 15.9        |
|    ep_rew_mean          | -0.859      |
| time/                   |             |
|    fps                  | 97          |
|    iterations           | 67          |
|    time_elapsed         | 1414        |
|    total_timesteps      | 137216      |
| train/                  |             |
|    approx_kl            | 0.046077386 |
|    clip_fraction        | 0.401       |
|    clip_range           | 0.2         |
|    entropy_loss         | -1.68       |
|    explained_variance   | 0.256       |
|    learning_rate        | 0.0003      |
|    loss                 | -0.0748     |
|    n_updates            | 660         |
|    policy_gradient_loss | -0.0453     |
|    value_loss           | 0.0208      |
-----------------------------------------
-----------------------------------------
| rollout/                |             |
|    ep_len_mean          | 16.6        |
|    ep_rew_mean          | -0.817      |
| time/                   |             |
|    fps                  | 97          |
|    iterations           | 68          |
|    time_elapsed         | 1430        |
|    total_timesteps      | 139264      |
| train/                  |             |
|    approx_kl            | 0.053528223 |
|    clip_fraction        | 0.422       |
|    clip_range           | 0.2         |
|    entropy_loss         | -1.62       |
|    explained_variance   | 0.201       |
|    learning_rate        | 0.0003      |
|    loss                 | -0.077      |
|    n_updates            | 670         |
|    policy_gradient_loss | -0.0476     |
|    value_loss           | 0.0281      |
-----------------------------------------
training progress: 140000/200000 (70.0%)
----------------------------------------
| rollout/                |            |
|    ep_len_mean          | 16.2       |
|    ep_rew_mean          | -0.763     |
| time/                   |            |
|    fps                  | 97         |
|    iterations           | 69         |
|    time_elapsed         | 1446       |
|    total_timesteps      | 141312     |
| train/                  |            |
|    approx_kl            | 0.05577756 |
|    clip_fraction        | 0.43       |
|    clip_range           | 0.2        |
|    entropy_loss         | -1.66      |
|    explained_variance   | 0.195      |
|    learning_rate        | 0.0003     |
|    loss                 | -0.116     |
|    n_updates            | 680        |
|    policy_gradient_loss | -0.0486    |
|    value_loss           | 0.0272     |
----------------------------------------
-----------------------------------------
| rollout/                |             |
|    ep_len_mean          | 16.6        |
|    ep_rew_mean          | -0.866      |
| time/                   |             |
|    fps                  | 98          |
|    iterations           | 70          |
|    time_elapsed         | 1462        |
|    total_timesteps      | 143360      |
| train/                  |             |
|    approx_kl            | 0.056082018 |
|    clip_fraction        | 0.419       |
|    clip_range           | 0.2         |
|    entropy_loss         | -1.66       |
|    explained_variance   | 0.21        |
|    learning_rate        | 0.0003      |
|    loss                 | -0.0976     |
|    n_updates            | 690         |
|    policy_gradient_loss | -0.0466     |
|    value_loss           | 0.0236      |
-----------------------------------------
----------------------------------------
| rollout/                |            |
|    ep_len_mean          | 15.7       |
|    ep_rew_mean          | -0.859     |
| time/                   |            |
|    fps                  | 98         |
|    iterations           | 71         |
|    time_elapsed         | 1478       |
|    total_timesteps      | 145408     |
| train/                  |            |
|    approx_kl            | 0.05146668 |
|    clip_fraction        | 0.41       |
|    clip_range           | 0.2        |
|    entropy_loss         | -1.7       |
|    explained_variance   | 0.182      |
|    learning_rate        | 0.0003     |
|    loss                 | -0.121     |
|    n_updates            | 700        |
|    policy_gradient_loss | -0.0441    |
|    value_loss           | 0.0228     |
----------------------------------------
----------------------------------------
| rollout/                |            |
|    ep_len_mean          | 15.9       |
|    ep_rew_mean          | -0.773     |
| time/                   |            |
|    fps                  | 98         |
|    iterations           | 72         |
|    time_elapsed         | 1494       |
|    total_timesteps      | 147456     |
| train/                  |            |
|    approx_kl            | 0.05078064 |
|    clip_fraction        | 0.431      |
|    clip_range           | 0.2        |
|    entropy_loss         | -1.67      |
|    explained_variance   | 0.372      |
|    learning_rate        | 0.0003     |
|    loss                 | -0.0867    |
|    n_updates            | 710        |
|    policy_gradient_loss | -0.0546    |
|    value_loss           | 0.0345     |
----------------------------------------
----------------------------------------
| rollout/                |            |
|    ep_len_mean          | 16.4       |
|    ep_rew_mean          | -0.999     |
| time/                   |            |
|    fps                  | 98         |
|    iterations           | 73         |
|    time_elapsed         | 1510       |
|    total_timesteps      | 149504     |
| train/                  |            |
|    approx_kl            | 0.04643291 |
|    clip_fraction        | 0.403      |
|    clip_range           | 0.2        |
|    entropy_loss         | -1.66      |
|    explained_variance   | -0.202     |
|    learning_rate        | 0.0003     |
|    loss                 | -0.108     |
|    n_updates            | 720        |
|    policy_gradient_loss | -0.0469    |
|    value_loss           | 0.0404     |
----------------------------------------
-----------------------------------------
| rollout/                |             |
|    ep_len_mean          | 16.4        |
|    ep_rew_mean          | -0.941      |
| time/                   |             |
|    fps                  | 99          |
|    iterations           | 74          |
|    time_elapsed         | 1526        |
|    total_timesteps      | 151552      |
| train/                  |             |
|    approx_kl            | 0.047638644 |
|    clip_fraction        | 0.411       |
|    clip_range           | 0.2         |
|    entropy_loss         | -1.7        |
|    explained_variance   | 0.0368      |
|    learning_rate        | 0.0003      |
|    loss                 | -0.12       |
|    n_updates            | 730         |
|    policy_gradient_loss | -0.0498     |
|    value_loss           | 0.0407      |
-----------------------------------------
----------------------------------------
| rollout/                |            |
|    ep_len_mean          | 15.6       |
|    ep_rew_mean          | -0.762     |
| time/                   |            |
|    fps                  | 99         |
|    iterations           | 75         |
|    time_elapsed         | 1542       |
|    total_timesteps      | 153600     |
| train/                  |            |
|    approx_kl            | 0.05485677 |
|    clip_fraction        | 0.425      |
|    clip_range           | 0.2        |
|    entropy_loss         | -1.7       |
|    explained_variance   | 0.424      |
|    learning_rate        | 0.0003     |
|    loss                 | -0.117     |
|    n_updates            | 740        |
|    policy_gradient_loss | -0.0499    |
|    value_loss           | 0.0462     |
----------------------------------------
-----------------------------------------
| rollout/                |             |
|    ep_len_mean          | 16.4        |
|    ep_rew_mean          | -1.09       |
| time/                   |             |
|    fps                  | 99          |
|    iterations           | 76          |
|    time_elapsed         | 1559        |
|    total_timesteps      | 155648      |
| train/                  |             |
|    approx_kl            | 0.062914744 |
|    clip_fraction        | 0.453       |
|    clip_range           | 0.2         |
|    entropy_loss         | -1.67       |
|    explained_variance   | -0.0242     |
|    learning_rate        | 0.0003      |
|    loss                 | -0.134      |
|    n_updates            | 750         |
|    policy_gradient_loss | -0.0505     |
|    value_loss           | 0.0262      |
-----------------------------------------
-----------------------------------------
| rollout/                |             |
|    ep_len_mean          | 15.8        |
|    ep_rew_mean          | -0.967      |
| time/                   |             |
|    fps                  | 100         |
|    iterations           | 77          |
|    time_elapsed         | 1575        |
|    total_timesteps      | 157696      |
| train/                  |             |
|    approx_kl            | 0.051249214 |
|    clip_fraction        | 0.416       |
|    clip_range           | 0.2         |
|    entropy_loss         | -1.72       |
|    explained_variance   | 0.276       |
|    learning_rate        | 0.0003      |
|    loss                 | -0.108      |
|    n_updates            | 760         |
|    policy_gradient_loss | -0.0458     |
|    value_loss           | 0.0666      |
-----------------------------------------
----------------------------------------
| rollout/                |            |
|    ep_len_mean          | 16         |
|    ep_rew_mean          | -1.01      |
| time/                   |            |
|    fps                  | 100        |
|    iterations           | 78         |
|    time_elapsed         | 1592       |
|    total_timesteps      | 159744     |
| train/                  |            |
|    approx_kl            | 0.05328254 |
|    clip_fraction        | 0.424      |
|    clip_range           | 0.2        |
|    entropy_loss         | -1.71      |
|    explained_variance   | 0.284      |
|    learning_rate        | 0.0003     |
|    loss                 | -0.119     |
|    n_updates            | 770        |
|    policy_gradient_loss | -0.0508    |
|    value_loss           | 0.0591     |
----------------------------------------
training progress: 160000/200000 (80.0%)
-----------------------------------------
| rollout/                |             |
|    ep_len_mean          | 16.5        |
|    ep_rew_mean          | -0.951      |
| time/                   |             |
|    fps                  | 100         |
|    iterations           | 79          |
|    time_elapsed         | 1608        |
|    total_timesteps      | 161792      |
| train/                  |             |
|    approx_kl            | 0.053972803 |
|    clip_fraction        | 0.435       |
|    clip_range           | 0.2         |
|    entropy_loss         | -1.72       |
|    explained_variance   | 0.178       |
|    learning_rate        | 0.0003      |
|    loss                 | -0.104      |
|    n_updates            | 780         |
|    policy_gradient_loss | -0.0498     |
|    value_loss           | 0.0477      |
-----------------------------------------
-----------------------------------------
| rollout/                |             |
|    ep_len_mean          | 15.9        |
|    ep_rew_mean          | -0.807      |
| time/                   |             |
|    fps                  | 100         |
|    iterations           | 80          |
|    time_elapsed         | 1624        |
|    total_timesteps      | 163840      |
| train/                  |             |
|    approx_kl            | 0.055339247 |
|    clip_fraction        | 0.431       |
|    clip_range           | 0.2         |
|    entropy_loss         | -1.71       |
|    explained_variance   | 0.348       |
|    learning_rate        | 0.0003      |
|    loss                 | -0.111      |
|    n_updates            | 790         |
|    policy_gradient_loss | -0.0537     |
|    value_loss           | 0.0326      |
-----------------------------------------
-----------------------------------------
| rollout/                |             |
|    ep_len_mean          | 16.8        |
|    ep_rew_mean          | -0.802      |
| time/                   |             |
|    fps                  | 101         |
|    iterations           | 81          |
|    time_elapsed         | 1640        |
|    total_timesteps      | 165888      |
| train/                  |             |
|    approx_kl            | 0.055108227 |
|    clip_fraction        | 0.433       |
|    clip_range           | 0.2         |
|    entropy_loss         | -1.66       |
|    explained_variance   | -0.115      |
|    learning_rate        | 0.0003      |
|    loss                 | -0.129      |
|    n_updates            | 800         |
|    policy_gradient_loss | -0.0418     |
|    value_loss           | 0.0259      |
-----------------------------------------
----------------------------------------
| rollout/                |            |
|    ep_len_mean          | 17.3       |
|    ep_rew_mean          | -0.842     |
| time/                   |            |
|    fps                  | 101        |
|    iterations           | 82         |
|    time_elapsed         | 1656       |
|    total_timesteps      | 167936     |
| train/                  |            |
|    approx_kl            | 0.04806045 |
|    clip_fraction        | 0.42       |
|    clip_range           | 0.2        |
|    entropy_loss         | -1.68      |
|    explained_variance   | 0.253      |
|    learning_rate        | 0.0003     |
|    loss                 | -0.119     |
|    n_updates            | 810        |
|    policy_gradient_loss | -0.0485    |
|    value_loss           | 0.0288     |
----------------------------------------
-----------------------------------------
| rollout/                |             |
|    ep_len_mean          | 17.1        |
|    ep_rew_mean          | -0.908      |
| time/                   |             |
|    fps                  | 101         |
|    iterations           | 83          |
|    time_elapsed         | 1673        |
|    total_timesteps      | 169984      |
| train/                  |             |
|    approx_kl            | 0.051039964 |
|    clip_fraction        | 0.418       |
|    clip_range           | 0.2         |
|    entropy_loss         | -1.67       |
|    explained_variance   | -0.176      |
|    learning_rate        | 0.0003      |
|    loss                 | -0.118      |
|    n_updates            | 820         |
|    policy_gradient_loss | -0.0461     |
|    value_loss           | 0.0248      |
-----------------------------------------
-----------------------------------------
| rollout/                |             |
|    ep_len_mean          | 16.7        |
|    ep_rew_mean          | -0.814      |
| time/                   |             |
|    fps                  | 101         |
|    iterations           | 84          |
|    time_elapsed         | 1692        |
|    total_timesteps      | 172032      |
| train/                  |             |
|    approx_kl            | 0.053852677 |
|    clip_fraction        | 0.447       |
|    clip_range           | 0.2         |
|    entropy_loss         | -1.66       |
|    explained_variance   | 0.00965     |
|    learning_rate        | 0.0003      |
|    loss                 | -0.132      |
|    n_updates            | 830         |
|    policy_gradient_loss | -0.0503     |
|    value_loss           | 0.0288      |
-----------------------------------------
-----------------------------------------
| rollout/                |             |
|    ep_len_mean          | 16.2        |
|    ep_rew_mean          | -0.816      |
| time/                   |             |
|    fps                  | 101         |
|    iterations           | 85          |
|    time_elapsed         | 1709        |
|    total_timesteps      | 174080      |
| train/                  |             |
|    approx_kl            | 0.052775618 |
|    clip_fraction        | 0.425       |
|    clip_range           | 0.2         |
|    entropy_loss         | -1.69       |
|    explained_variance   | -0.11       |
|    learning_rate        | 0.0003      |
|    loss                 | -0.111      |
|    n_updates            | 840         |
|    policy_gradient_loss | -0.0522     |
|    value_loss           | 0.0229      |
-----------------------------------------
-----------------------------------------
| rollout/                |             |
|    ep_len_mean          | 17.4        |
|    ep_rew_mean          | -0.798      |
| time/                   |             |
|    fps                  | 102         |
|    iterations           | 86          |
|    time_elapsed         | 1725        |
|    total_timesteps      | 176128      |
| train/                  |             |
|    approx_kl            | 0.058113627 |
|    clip_fraction        | 0.433       |
|    clip_range           | 0.2         |
|    entropy_loss         | -1.63       |
|    explained_variance   | 0.274       |
|    learning_rate        | 0.0003      |
|    loss                 | -0.112      |
|    n_updates            | 850         |
|    policy_gradient_loss | -0.0475     |
|    value_loss           | 0.0255      |
-----------------------------------------
-----------------------------------------
| rollout/                |             |
|    ep_len_mean          | 16          |
|    ep_rew_mean          | -0.771      |
| time/                   |             |
|    fps                  | 102         |
|    iterations           | 87          |
|    time_elapsed         | 1741        |
|    total_timesteps      | 178176      |
| train/                  |             |
|    approx_kl            | 0.057470977 |
|    clip_fraction        | 0.427       |
|    clip_range           | 0.2         |
|    entropy_loss         | -1.66       |
|    explained_variance   | -0.267      |
|    learning_rate        | 0.0003      |
|    loss                 | -0.128      |
|    n_updates            | 860         |
|    policy_gradient_loss | -0.0514     |
|    value_loss           | 0.0205      |
-----------------------------------------
training progress: 180000/200000 (90.0%)
-----------------------------------------
| rollout/                |             |
|    ep_len_mean          | 16.9        |
|    ep_rew_mean          | -0.815      |
| time/                   |             |
|    fps                  | 102         |
|    iterations           | 88          |
|    time_elapsed         | 1758        |
|    total_timesteps      | 180224      |
| train/                  |             |
|    approx_kl            | 0.055857815 |
|    clip_fraction        | 0.429       |
|    clip_range           | 0.2         |
|    entropy_loss         | -1.59       |
|    explained_variance   | 0.301       |
|    learning_rate        | 0.0003      |
|    loss                 | -0.135      |
|    n_updates            | 870         |
|    policy_gradient_loss | -0.0498     |
|    value_loss           | 0.0249      |
-----------------------------------------
-----------------------------------------
| rollout/                |             |
|    ep_len_mean          | 16.3        |
|    ep_rew_mean          | -0.823      |
| time/                   |             |
|    fps                  | 102         |
|    iterations           | 89          |
|    time_elapsed         | 1774        |
|    total_timesteps      | 182272      |
| train/                  |             |
|    approx_kl            | 0.064269304 |
|    clip_fraction        | 0.46        |
|    clip_range           | 0.2         |
|    entropy_loss         | -1.6        |
|    explained_variance   | 0.453       |
|    learning_rate        | 0.0003      |
|    loss                 | -0.137      |
|    n_updates            | 880         |
|    policy_gradient_loss | -0.0513     |
|    value_loss           | 0.0178      |
-----------------------------------------
-----------------------------------------
| rollout/                |             |
|    ep_len_mean          | 16.3        |
|    ep_rew_mean          | -0.734      |
| time/                   |             |
|    fps                  | 102         |
|    iterations           | 90          |
|    time_elapsed         | 1791        |
|    total_timesteps      | 184320      |
| train/                  |             |
|    approx_kl            | 0.059279714 |
|    clip_fraction        | 0.447       |
|    clip_range           | 0.2         |
|    entropy_loss         | -1.55       |
|    explained_variance   | 0.296       |
|    learning_rate        | 0.0003      |
|    loss                 | -0.102      |
|    n_updates            | 890         |
|    policy_gradient_loss | -0.0497     |
|    value_loss           | 0.0259      |
-----------------------------------------
--------------------------------------
| rollout/                |          |
|    ep_len_mean          | 16.1     |
|    ep_rew_mean          | -0.652   |
| time/                   |          |
|    fps                  | 103      |
|    iterations           | 91       |
|    time_elapsed         | 1807     |
|    total_timesteps      | 186368   |
| train/                  |          |
|    approx_kl            | 0.056506 |
|    clip_fraction        | 0.45     |
|    clip_range           | 0.2      |
|    entropy_loss         | -1.54    |
|    explained_variance   | 0.231    |
|    learning_rate        | 0.0003   |
|    loss                 | -0.12    |
|    n_updates            | 900      |
|    policy_gradient_loss | -0.0472  |
|    value_loss           | 0.0171   |
--------------------------------------
----------------------------------------
| rollout/                |            |
|    ep_len_mean          | 16.7       |
|    ep_rew_mean          | -0.889     |
| time/                   |            |
|    fps                  | 103        |
|    iterations           | 92         |
|    time_elapsed         | 1824       |
|    total_timesteps      | 188416     |
| train/                  |            |
|    approx_kl            | 0.06490001 |
|    clip_fraction        | 0.437      |
|    clip_range           | 0.2        |
|    entropy_loss         | -1.52      |
|    explained_variance   | -0.135     |
|    learning_rate        | 0.0003     |
|    loss                 | -0.103     |
|    n_updates            | 910        |
|    policy_gradient_loss | -0.0549    |
|    value_loss           | 0.0197     |
----------------------------------------
-----------------------------------------
| rollout/                |             |
|    ep_len_mean          | 15.7        |
|    ep_rew_mean          | -0.781      |
| time/                   |             |
|    fps                  | 103         |
|    iterations           | 93          |
|    time_elapsed         | 1841        |
|    total_timesteps      | 190464      |
| train/                  |             |
|    approx_kl            | 0.058591016 |
|    clip_fraction        | 0.422       |
|    clip_range           | 0.2         |
|    entropy_loss         | -1.56       |
|    explained_variance   | 0.0833      |
|    learning_rate        | 0.0003      |
|    loss                 | -0.111      |
|    n_updates            | 920         |
|    policy_gradient_loss | -0.0522     |
|    value_loss           | 0.025       |
-----------------------------------------
----------------------------------------
| rollout/                |            |
|    ep_len_mean          | 16.2       |
|    ep_rew_mean          | -0.848     |
| time/                   |            |
|    fps                  | 103        |
|    iterations           | 94         |
|    time_elapsed         | 1857       |
|    total_timesteps      | 192512     |
| train/                  |            |
|    approx_kl            | 0.06500086 |
|    clip_fraction        | 0.428      |
|    clip_range           | 0.2        |
|    entropy_loss         | -1.53      |
|    explained_variance   | 0.307      |
|    learning_rate        | 0.0003     |
|    loss                 | -0.133     |
|    n_updates            | 930        |
|    policy_gradient_loss | -0.0466    |
|    value_loss           | 0.0301     |
----------------------------------------
-----------------------------------------
| rollout/                |             |
|    ep_len_mean          | 16.5        |
|    ep_rew_mean          | -0.701      |
| time/                   |             |
|    fps                  | 103         |
|    iterations           | 95          |
|    time_elapsed         | 1874        |
|    total_timesteps      | 194560      |
| train/                  |             |
|    approx_kl            | 0.055536423 |
|    clip_fraction        | 0.416       |
|    clip_range           | 0.2         |
|    entropy_loss         | -1.58       |
|    explained_variance   | 0.131       |
|    learning_rate        | 0.0003      |
|    loss                 | -0.12       |
|    n_updates            | 940         |
|    policy_gradient_loss | -0.0521     |
|    value_loss           | 0.022       |
-----------------------------------------
-----------------------------------------
| rollout/                |             |
|    ep_len_mean          | 15.4        |
|    ep_rew_mean          | -0.763      |
| time/                   |             |
|    fps                  | 103         |
|    iterations           | 96          |
|    time_elapsed         | 1890        |
|    total_timesteps      | 196608      |
| train/                  |             |
|    approx_kl            | 0.055397965 |
|    clip_fraction        | 0.429       |
|    clip_range           | 0.2         |
|    entropy_loss         | -1.57       |
|    explained_variance   | -0.0993     |
|    learning_rate        | 0.0003      |
|    loss                 | -0.121      |
|    n_updates            | 950         |
|    policy_gradient_loss | -0.0488     |
|    value_loss           | 0.016       |
-----------------------------------------
-----------------------------------------
| rollout/                |             |
|    ep_len_mean          | 16.8        |
|    ep_rew_mean          | -0.775      |
| time/                   |             |
|    fps                  | 104         |
|    iterations           | 97          |
|    time_elapsed         | 1906        |
|    total_timesteps      | 198656      |
| train/                  |             |
|    approx_kl            | 0.060623195 |
|    clip_fraction        | 0.417       |
|    clip_range           | 0.2         |
|    entropy_loss         | -1.57       |
|    explained_variance   | 0.357       |
|    learning_rate        | 0.0003      |
|    loss                 | -0.11       |
|    n_updates            | 960         |
|    policy_gradient_loss | -0.0485     |
|    value_loss           | 0.0244      |
-----------------------------------------
training progress: 200000/200000 (100.0%)
-----------------------------------------
| rollout/                |             |
|    ep_len_mean          | 16          |
|    ep_rew_mean          | -0.802      |
| time/                   |             |
|    fps                  | 104         |
|    iterations           | 98          |
|    time_elapsed         | 1924        |
|    total_timesteps      | 200704      |
| train/                  |             |
|    approx_kl            | 0.060171865 |
|    clip_fraction        | 0.417       |
|    clip_range           | 0.2         |
|    entropy_loss         | -1.58       |
|    explained_variance   | 0.536       |
|    learning_rate        | 0.0003      |
|    loss                 | -0.12       |
|    n_updates            | 970         |
|    policy_gradient_loss | -0.0471     |
|    value_loss           | 0.0368      |
-----------------------------------------
 100% ----------------------- 200,704/200,000  [ 0:32:03 < 0:00:00 , 405 it/s ]
saved model to: <USER_HOME>\Desktop\操作系统创新大赛\基于深度强化学习的云-边-端异构计算资源管理调度方法\project\training\checkpoints\ppo_gat_reward_shaped
training elapsed seconds: 1941.22
=== STDERR ===
