BC_DATASET_SANITY_CHECK
dataset_path=<USER_HOME>\Desktop\๏ฟฝ๏ฟฝ๏ฟฝ๏ฟฝฯตอณ๏ฟฝ๏ฟฝ๏ฟฝยด๏ฟฝ๏ฟฝ๏ฟฝ\๏ฟฝ๏ฟฝ๏ฟฝ๏ฟฝ๏ฟฝ๏ฟฝ๏ฟฝวฟ๏ฟฝ๏ฟฝังฯฐ๏ฟฝ๏ฟฝ๏ฟฝ๏ฟฝ-๏ฟฝ๏ฟฝ-๏ฟฝ๏ฟฝ๏ฟฝ์นน๏ฟฝ๏ฟฝ๏ฟฝ๏ฟฝ๏ฟฝ๏ฟฝิด๏ฟฝ๏ฟฝ๏ฟฝ๏ฟฝ๏ฟฝ๏ฟฝศท๏ฟฝ๏ฟฝ๏ฟฝ\project\training\bc_datasets\mlp_bc_dataset.npz
config_path=<USER_HOME>\Desktop\๏ฟฝ๏ฟฝ๏ฟฝ๏ฟฝฯตอณ๏ฟฝ๏ฟฝ๏ฟฝยด๏ฟฝ๏ฟฝ๏ฟฝ\๏ฟฝ๏ฟฝ๏ฟฝ๏ฟฝ๏ฟฝ๏ฟฝ๏ฟฝวฟ๏ฟฝ๏ฟฝังฯฐ๏ฟฝ๏ฟฝ๏ฟฝ๏ฟฝ-๏ฟฝ๏ฟฝ-๏ฟฝ๏ฟฝ๏ฟฝ์นน๏ฟฝ๏ฟฝ๏ฟฝ๏ฟฝ๏ฟฝ๏ฟฝิด๏ฟฝ๏ฟฝ๏ฟฝ๏ฟฝ๏ฟฝ๏ฟฝศท๏ฟฝ๏ฟฝ๏ฟฝ\project\training\configs\ppo_mlp_bc_warmstart.yaml
samples=8038
observation_shape=(8038, 1128)
action_mask_shape=(8038, 120)
metadata={"config_path": "training/configs/ppo_mlp_reward_shaped.yaml", "num_dags": 500, "seed_start": 2000000, "seed_end": 2000499, "samples": 8038, "dag_task_counts": [25, 9, 11, 25, 23, 9, 21, 25, 19, 19, 20, 12, 10, 15, 22, 14, 23, 13, 15, 16, 11, 17, 13, 11, 14, 24, 11, 25, 24, 25, 19, 10, 17, 12, 13, 19, 8, 15, 9, 22, 14, 17, 18, 21, 18, 22, 21, 23, 15, 10, 23, 18, 17, 9, 12, 19, 8, 10, 18, 19, 23, 12, 13, 10, 8, 16, 10, 25, 16, 10, 9, 9, 9, 22, 12, 24, 11, 23, 18, 20, 10, 19, 19, 25, 25, 19, 12, 8, 21, 10, 15, 12, 9, 23, 18, 14, 10, 22, 23, 22, 24, 10, 9, 13, 20, 11, 11, 20, 9, 10, 18, 24, 10, 9, 25, 23, 16, 12, 19, 11, 14, 23, 9, 18, 16, 25, 25, 24, 22, 8, 10, 8, 9, 12, 10, 19, 9, 8, 10, 20, 15, 15, 21, 23, 17, 25, 18, 24, 19, 22, 14, 8, 16, 11, 20, 14, 22, 24, 16, 8, 23, 8, 23, 25, 8, 18, 14, 9, 12, 23, 15, 15, 11, 9, 15, 17, 16, 9, 21, 18, 21, 22, 17, 23, 17, 17, 21, 24, 16, 9, 9, 24, 15, 17, 22, 12, 20, 14, 25, 12, 10, 14, 17, 8, 19, 9, 11, 8, 8, 23, 11, 20, 24, 11, 11, 22, 11, 20, 25, 10, 22, 14, 25, 17, 11, 22, 14, 11, 10, 25, 8, 12, 9, 25, 21, 9, 11, 20, 9, 8, 16, 17, 20, 14, 20, 15, 24, 15, 13, 12, 11, 23, 18, 12, 21, 23, 22, 22, 23, 12, 13, 19, 11, 17, 20, 14, 10, 23, 21, 12, 22, 8, 16, 10, 15, 16, 23, 12, 9, 15, 11, 9, 14, 11, 11, 16, 20, 17, 23, 23, 13, 17, 13, 13, 19, 12, 20, 21, 11, 9, 19, 14, 20, 14, 10, 22, 24, 8, 10, 18, 19, 22, 13, 25, 9, 16, 21, 8, 23, 17, 21, 11, 21, 16, 15, 8, 24, 21, 10, 25, 13, 17, 10, 17, 16, 13, 22, 19, 24, 16, 25, 11, 20, 25, 23, 20, 9, 21, 13, 12, 11, 25, 25, 11, 20, 11, 15, 12, 21, 20, 20, 16, 22, 16, 25, 19, 17, 18, 9, 24, 11, 21, 17, 17, 14, 25, 11, 12, 8, 19, 20, 8, 8, 13, 12, 22, 23, 13, 21, 17, 9, 23, 15, 14, 10, 25, 20, 10, 18, 16, 22, 22, 23, 23, 11, 10, 16, 9, 16, 18, 18, 16, 25, 8, 16, 25, 18, 8, 10, 17, 20, 22, 21, 20, 21, 9, 17, 18, 17, 9, 14, 8, 18, 19, 8, 9, 8, 17, 15, 16, 9, 13, 12, 18, 21, 14, 20, 17, 11, 19, 15, 8, 14, 15, 10, 17, 11, 13, 16, 21, 15, 18, 18, 12, 16, 12, 21, 18, 17, 8, 13, 8, 19, 20, 21, 15, 20, 10, 16, 23, 17, 9, 13, 14, 24, 15, 11, 10, 13, 22, 13, 16, 9, 13, 14, 20, 17, 18, 20, 9], "observation_shape": [8038, 1128], "action_mask_shape": [8038, 120]}
full_dataset_illegal_expert_actions=0
sampled_indices=[1553, 5368, 3862, 6240, 4681, 539, 7056, 6147, 2549, 5098]
sample_details:
sample_index=1553
  expert_action=10 legal=True
  legal_action_count=12 ready_slot_count=3
  expert_decoding=slot:2, task_id:11, resource_index:2, resource_id:edge_1
  ready_task_ids=[5, 2, 11]
  observation_summary=valid_task_count:14, completed_fraction:0.785714, current_makespan:0.582571
  resource_available_times={'cloud_0': 0.5557206869125366, 'edge_0': 0.5825709700584412, 'edge_1': 0.3164759874343872, 'device_0': 0.0}
sample_index=5368
  expert_action=12 legal=True
  legal_action_count=16 ready_slot_count=4
  expert_decoding=slot:3, task_id:13, resource_index:0, resource_id:cloud_0
  ready_task_ids=[11, 16, 0, 13]
  observation_summary=valid_task_count:17, completed_fraction:0.764706, current_makespan:0.600903
  resource_available_times={'cloud_0': 0.5293139219284058, 'edge_0': 0.6009030938148499, 'edge_1': 0.41123831272125244, 'device_0': 0.0}
sample_index=3862
  expert_action=4 legal=True
  legal_action_count=12 ready_slot_count=3
  expert_decoding=slot:1, task_id:8, resource_index:0, resource_id:cloud_0
  ready_task_ids=[7, 8, 13]
  observation_summary=valid_task_count:16, completed_fraction:0.812500, current_makespan:0.520553
  resource_available_times={'cloud_0': 0.520553469657898, 'edge_0': 0.5038318037986755, 'edge_1': 0.46465423703193665, 'device_0': 0.0}
sample_index=6240
  expert_action=2 legal=True
  legal_action_count=20 ready_slot_count=5
  expert_decoding=slot:0, task_id:12, resource_index:2, resource_id:edge_1
  ready_task_ids=[12, 0, 19, 4, 18]
  observation_summary=valid_task_count:22, completed_fraction:0.272727, current_makespan:0.345196
  resource_available_times={'cloud_0': 0.34519636631011963, 'edge_0': 0.20080386102199554, 'edge_1': 0.14484576880931854, 'device_0': 0.0}
sample_index=4681
  expert_action=13 legal=True
  legal_action_count=28 ready_slot_count=7
  expert_decoding=slot:3, task_id:13, resource_index:1, resource_id:edge_0
  ready_task_ids=[2, 5, 7, 13, 15, 3, 16]
  observation_summary=valid_task_count:17, completed_fraction:0.294118, current_makespan:0.191909
  resource_available_times={'cloud_0': 0.19190868735313416, 'edge_0': 0.07373160123825073, 'edge_1': 0.0, 'device_0': 0.0}
sample_index=539
  expert_action=2 legal=True
  legal_action_count=4 ready_slot_count=1
  expert_decoding=slot:0, task_id:11, resource_index:2, resource_id:edge_1
  ready_task_ids=[11]
  observation_summary=valid_task_count:19, completed_fraction:0.947368, current_makespan:0.785760
  resource_available_times={'cloud_0': 0.7857599854469299, 'edge_0': 0.49825119972229004, 'edge_1': 0.5956142544746399, 'device_0': 0.0}
sample_index=7056
  expert_action=16 legal=True
  legal_action_count=24 ready_slot_count=6
  expert_decoding=slot:4, task_id:6, resource_index:0, resource_id:cloud_0
  ready_task_ids=[0, 1, 2, 5, 6, 3]
  observation_summary=valid_task_count:8, completed_fraction:0.250000, current_makespan:0.113668
  resource_available_times={'cloud_0': 0.11366840451955795, 'edge_0': 0.0, 'edge_1': 0.0, 'device_0': 0.0}
sample_index=6147
  expert_action=4 legal=True
  legal_action_count=20 ready_slot_count=5
  expert_decoding=slot:1, task_id:3, resource_index:0, resource_id:cloud_0
  ready_task_ids=[2, 3, 6, 7, 5]
  observation_summary=valid_task_count:8, completed_fraction:0.125000, current_makespan:0.044691
  resource_available_times={'cloud_0': 0.044690556824207306, 'edge_0': 0.0, 'edge_1': 0.0, 'device_0': 0.0}
sample_index=2549
  expert_action=9 legal=True
  legal_action_count=16 ready_slot_count=4
  expert_decoding=slot:2, task_id:22, resource_index:1, resource_id:edge_0
  ready_task_ids=[17, 20, 22, 10]
  observation_summary=valid_task_count:24, completed_fraction:0.375000, current_makespan:0.385853
  resource_available_times={'cloud_0': 0.38585275411605835, 'edge_0': 0.20689669251441956, 'edge_1': 0.17522692680358887, 'device_0': 0.0}
sample_index=5098
  expert_action=0 legal=True
  legal_action_count=20 ready_slot_count=5
  expert_decoding=slot:0, task_id:0, resource_index:0, resource_id:cloud_0
  ready_task_ids=[0, 2, 6, 1, 3]
  observation_summary=valid_task_count:8, completed_fraction:0.375000, current_makespan:0.091958
  resource_available_times={'cloud_0': 0.07946879416704178, 'edge_0': 0.0919576957821846, 'edge_1': 0.0, 'device_0': 0.0}
sampled_illegal_expert_actions=0
BC_CHANCE_LEVEL
all_samples=8038
average_legal_actions_all=17.467529
min_legal_actions_all=4
max_legal_actions_all=44
expected_uniform_random_accuracy_all_mean_inverse=0.075411
reciprocal_of_average_legal_actions_all=0.057249
chance_sample_count=1000
average_legal_actions_sampled=17.456000
expected_uniform_random_accuracy_sampled=0.075501
monte_carlo_uniform_random_accuracy_sampled=0.078000
reference_bc_accuracy_observed_previous_run=0.166708_to_0.172431_peak_to_0.166957_final
